<?xml version="1.0" encoding="UTF-8"?>
<!-- Generated by org.testng.reporters.JUnitReportReporter -->
<testsuite hostname="192-168-1-104.tpgi.com.au" failures="0" tests="1" name="com.regressiontest.InitTest" time="0.013" errors="0" timestamp="2022-03-03T12:06:50 AEDT" skipped="0">
  <testcase classname="com.regressiontest.InitTest" name="testPageTitle" time="0.013"/>
  <system-out/>
</testsuite> <!-- com.regressiontest.InitTest -->
